==========================================
SLURM_JOB_ID = 9441156
SLURM_JOB_NODELIST = b01-15
TMPDIR = /tmp/SLURM_9441156
==========================================
============================================================
 CARC AlphaZero job  |  Tue Jun 16 12:28:21 PDT 2026
 Node: b01-15.hpc.usc.edu   |  Job: 9441156
NVIDIA A100-PCIE-40GB, 40960 MiB
============================================================
[deps] installing into ~/.local (first run / missing packages)...
Requirement already satisfied: pip in /apps/spack/2406/apps/linux-rocky8-x86_64_v3/gcc-13.3.0/python-3.11.9-x74mtjf/lib/python3.11/site-packages (24.0)
Collecting pip
  Downloading pip-26.1.2-py3-none-any.whl.metadata (4.6 kB)
Downloading pip-26.1.2-py3-none-any.whl (1.8 MB)
   ━━━━━━━━━━━━━━━━━━━━━━━━━━━━━━━━━━━━━━━━ 1.8/1.8 MB 46.7 MB/s eta 0:00:00
Installing collected packages: pip
Successfully installed pip-26.1.2
Looking in indexes: https://pypi.org/simple, https://download.pytorch.org/whl/cu126
Collecting torch>=2.3.0 (from -r chess_ai/requirements.txt (line 4))
  Downloading torch-2.12.0%2Bcu126-cp311-cp311-manylinux_2_28_x86_64.whl.metadata (31 kB)
Collecting python-chess>=1.9.9 (from -r chess_ai/requirements.txt (line 7))
  Using cached python_chess-1.999-py3-none-any.whl.metadata (776 bytes)
Collecting numpy>=1.24.0 (from -r chess_ai/requirements.txt (line 10))
  Using cached numpy-2.4.6-cp311-cp311-manylinux_2_27_x86_64.manylinux_2_28_x86_64.whl.metadata (6.6 kB)
Collecting tqdm>=4.65.0 (from -r chess_ai/requirements.txt (line 13))
  Downloading tqdm-4.68.2-py3-none-any.whl.metadata (58 kB)
Collecting psutil>=5.9.0 (from -r chess_ai/requirements.txt (line 14))
  Using cached psutil-7.2.2-cp36-abi3-manylinux2010_x86_64.manylinux_2_12_x86_64.manylinux_2_28_x86_64.whl.metadata (22 kB)
Collecting pybind11>=2.11.0 (from -r chess_ai/requirements.txt (line 17))
  Using cached pybind11-3.0.4-py3-none-any.whl.metadata (10 kB)
Collecting matplotlib>=3.7.0 (from -r chess_ai/requirements.txt (line 20))
  Downloading matplotlib-3.11.0-cp311-cp311-manylinux2014_x86_64.manylinux_2_17_x86_64.whl.metadata (80 kB)
Collecting gdown>=4.7.1 (from -r chess_ai/requirements.txt (line 23))
  Using cached gdown-6.1.0-py3-none-any.whl.metadata (8.3 kB)
Collecting requests>=2.31.0 (from -r chess_ai/requirements.txt (line 24))
  Using cached requests-2.34.2-py3-none-any.whl.metadata (4.8 kB)
Collecting zstandard>=0.21.0 (from -r chess_ai/requirements.txt (line 27))
  Downloading zstandard-0.25.0-cp311-cp311-manylinux2014_x86_64.manylinux_2_17_x86_64.whl.metadata (3.3 kB)
Collecting filelock (from torch>=2.3.0->-r chess_ai/requirements.txt (line 4))
  Downloading filelock-3.29.4-py3-none-any.whl.metadata (2.0 kB)
Collecting typing-extensions>=4.10.0 (from torch>=2.3.0->-r chess_ai/requirements.txt (line 4))
  Using cached typing_extensions-4.15.0-py3-none-any.whl.metadata (3.3 kB)
Requirement already satisfied: setuptools<82 in /apps/spack/2406/apps/linux-rocky8-x86_64_v3/gcc-13.3.0/python-3.11.9-x74mtjf/lib/python3.11/site-packages (from torch>=2.3.0->-r chess_ai/requirements.txt (line 4)) (65.5.0)
Collecting sympy>=1.13.3 (from torch>=2.3.0->-r chess_ai/requirements.txt (line 4))
  Using cached sympy-1.14.0-py3-none-any.whl.metadata (12 kB)
Collecting networkx>=2.5.1 (from torch>=2.3.0->-r chess_ai/requirements.txt (line 4))
  Using cached networkx-3.6.1-py3-none-any.whl.metadata (6.8 kB)
Collecting jinja2 (from torch>=2.3.0->-r chess_ai/requirements.txt (line 4))
  Using cached jinja2-3.1.6-py3-none-any.whl.metadata (2.9 kB)
Collecting fsspec>=0.8.5 (from torch>=2.3.0->-r chess_ai/requirements.txt (line 4))
  Downloading fsspec-2026.6.0-py3-none-any.whl.metadata (10 kB)
Collecting cuda-toolkit==12.6.3 (from cuda-toolkit[cublas,cudart,cufft,cufile,cupti,curand,cusolver,cusparse,nvjitlink,nvrtc,nvtx]==12.6.3; platform_system == "Linux"->torch>=2.3.0->-r chess_ai/requirements.txt (line 4))
  Downloading cuda_toolkit-12.6.3-py2.py3-none-any.whl (2.3 kB)
Collecting cuda-bindings<13,>=12.9.4 (from torch>=2.3.0->-r chess_ai/requirements.txt (line 4))
  Downloading cuda_bindings-12.9.7-cp311-cp311-manylinux_2_24_x86_64.manylinux_2_28_x86_64.whl.metadata (2.6 kB)
Collecting nvidia-cudnn-cu12==9.10.2.21 (from torch>=2.3.0->-r chess_ai/requirements.txt (line 4))
  Downloading nvidia_cudnn_cu12-9.10.2.21-py3-none-manylinux_2_27_x86_64.whl (706.8 MB)
     ━━━━━━━━━━━━━━━━━━━━━━━━━━━━━━━━━━━━━━━━ 706.8/706.8 MB 113.1 MB/s  0:00:06
Collecting nvidia-cusparselt-cu12==0.7.1 (from torch>=2.3.0->-r chess_ai/requirements.txt (line 4))
  Downloading nvidia_cusparselt_cu12-0.7.1-py3-none-manylinux2014_x86_64.whl (287.2 MB)
     ━━━━━━━━━━━━━━━━━━━━━━━━━━━━━━━━━━━━━━━━ 287.2/287.2 MB 114.4 MB/s  0:00:02
Collecting nvidia-nccl-cu12==2.29.3 (from torch>=2.3.0->-r chess_ai/requirements.txt (line 4))
  Downloading nvidia_nccl_cu12-2.29.3-py3-none-manylinux_2_18_x86_64.whl (289.8 MB)
     ━━━━━━━━━━━━━━━━━━━━━━━━━━━━━━━━━━━━━━━━ 289.8/289.8 MB 106.3 MB/s  0:00:02
Collecting nvidia-nvshmem-cu12==3.4.5 (from torch>=2.3.0->-r chess_ai/requirements.txt (line 4))
  Downloading nvidia_nvshmem_cu12-3.4.5-py3-none-manylinux2014_x86_64.manylinux_2_17_x86_64.whl (139.1 MB)
     ━━━━━━━━━━━━━━━━━━━━━━━━━━━━━━━━━━━━━━━━ 139.1/139.1 MB 115.7 MB/s  0:00:01
Collecting triton==3.7.0 (from torch>=2.3.0->-r chess_ai/requirements.txt (line 4))
  Downloading triton-3.7.0-cp311-cp311-manylinux_2_27_x86_64.manylinux_2_28_x86_64.whl.metadata (1.7 kB)
Collecting nvidia-cublas-cu12==12.6.4.1.* (from cuda-toolkit[cublas,cudart,cufft,cufile,cupti,curand,cusolver,cusparse,nvjitlink,nvrtc,nvtx]==12.6.3; platform_system == "Linux"->torch>=2.3.0->-r chess_ai/requirements.txt (line 4))
  Downloading nvidia_cublas_cu12-12.6.4.1-py3-none-manylinux2014_x86_64.manylinux_2_17_x86_64.whl (393.1 MB)
     ━━━━━━━━━━━━━━━━━━━━━━━━━━━━━━━━━━━━━━━━ 393.1/393.1 MB 115.0 MB/s  0:00:03
Collecting nvidia-cuda-runtime-cu12==12.6.77.* (from cuda-toolkit[cublas,cudart,cufft,cufile,cupti,curand,cusolver,cusparse,nvjitlink,nvrtc,nvtx]==12.6.3; platform_system == "Linux"->torch>=2.3.0->-r chess_ai/requirements.txt (line 4))
  Downloading nvidia_cuda_runtime_cu12-12.6.77-py3-none-manylinux2014_x86_64.manylinux_2_17_x86_64.whl (897 kB)
     ━━━━━━━━━━━━━━━━━━━━━━━━━━━━━━━━━━━━━━━━ 897.7/897.7 kB 117.4 MB/s  0:00:00
Collecting nvidia-cufft-cu12==11.3.0.4.* (from cuda-toolkit[cublas,cudart,cufft,cufile,cupti,curand,cusolver,cusparse,nvjitlink,nvrtc,nvtx]==12.6.3; platform_system == "Linux"->torch>=2.3.0->-r chess_ai/requirements.txt (line 4))
  Downloading nvidia_cufft_cu12-11.3.0.4-py3-none-manylinux2014_x86_64.manylinux_2_17_x86_64.whl (200.2 MB)
     ━━━━━━━━━━━━━━━━━━━━━━━━━━━━━━━━━━━━━━━━ 200.2/200.2 MB 115.7 MB/s  0:00:01
Collecting nvidia-cufile-cu12==1.11.1.6.* (from cuda-toolkit[cublas,cudart,cufft,cufile,cupti,curand,cusolver,cusparse,nvjitlink,nvrtc,nvtx]==12.6.3; platform_system == "Linux"->torch>=2.3.0->-r chess_ai/requirements.txt (line 4))
  Downloading nvidia_cufile_cu12-1.11.1.6-py3-none-manylinux2014_x86_64.manylinux_2_17_x86_64.whl (1.1 MB)
     ━━━━━━━━━━━━━━━━━━━━━━━━━━━━━━━━━━━━━━━━ 1.1/1.1 MB 117.8 MB/s  0:00:00
Collecting nvidia-cuda-cupti-cu12==12.6.80.* (from cuda-toolkit[cublas,cudart,cufft,cufile,cupti,curand,cusolver,cusparse,nvjitlink,nvrtc,nvtx]==12.6.3; platform_system == "Linux"->torch>=2.3.0->-r chess_ai/requirements.txt (line 4))
  Downloading nvidia_cuda_cupti_cu12-12.6.80-py3-none-manylinux2014_x86_64.manylinux_2_17_x86_64.whl (8.9 MB)
     ━━━━━━━━━━━━━━━━━━━━━━━━━━━━━━━━━━━━━━━━ 8.9/8.9 MB 115.8 MB/s  0:00:00
Collecting nvidia-curand-cu12==10.3.7.77.* (from cuda-toolkit[cublas,cudart,cufft,cufile,cupti,curand,cusolver,cusparse,nvjitlink,nvrtc,nvtx]==12.6.3; platform_system == "Linux"->torch>=2.3.0->-r chess_ai/requirements.txt (line 4))
  Downloading nvidia_curand_cu12-10.3.7.77-py3-none-manylinux2014_x86_64.manylinux_2_17_x86_64.whl (56.3 MB)
     ━━━━━━━━━━━━━━━━━━━━━━━━━━━━━━━━━━━━━━━━ 56.3/56.3 MB 115.8 MB/s  0:00:00
Collecting nvidia-cusolver-cu12==11.7.1.2.* (from cuda-toolkit[cublas,cudart,cufft,cufile,cupti,curand,cusolver,cusparse,nvjitlink,nvrtc,nvtx]==12.6.3; platform_system == "Linux"->torch>=2.3.0->-r chess_ai/requirements.txt (line 4))
  Downloading nvidia_cusolver_cu12-11.7.1.2-py3-none-manylinux2014_x86_64.manylinux_2_17_x86_64.whl (158.2 MB)
     ━━━━━━━━━━━━━━━━━━━━━━━━━━━━━━━━━━━━━━━━ 158.2/158.2 MB 115.8 MB/s  0:00:01
Collecting nvidia-cusparse-cu12==12.5.4.2.* (from cuda-toolkit[cublas,cudart,cufft,cufile,cupti,curand,cusolver,cusparse,nvjitlink,nvrtc,nvtx]==12.6.3; platform_system == "Linux"->torch>=2.3.0->-r chess_ai/requirements.txt (line 4))
  Downloading nvidia_cusparse_cu12-12.5.4.2-py3-none-manylinux2014_x86_64.manylinux_2_17_x86_64.whl (216.6 MB)
     ━━━━━━━━━━━━━━━━━━━━━━━━━━━━━━━━━━━━━━━━ 216.6/216.6 MB 115.8 MB/s  0:00:01
Collecting nvidia-nvjitlink-cu12==12.6.85.* (from cuda-toolkit[cublas,cudart,cufft,cufile,cupti,curand,cusolver,cusparse,nvjitlink,nvrtc,nvtx]==12.6.3; platform_system == "Linux"->torch>=2.3.0->-r chess_ai/requirements.txt (line 4))
  Downloading nvidia_nvjitlink_cu12-12.6.85-py3-none-manylinux2010_x86_64.manylinux_2_12_x86_64.whl (19.7 MB)
     ━━━━━━━━━━━━━━━━━━━━━━━━━━━━━━━━━━━━━━━━ 19.7/19.7 MB 115.6 MB/s  0:00:00
Collecting nvidia-cuda-nvrtc-cu12==12.6.85.* (from cuda-toolkit[cublas,cudart,cufft,cufile,cupti,curand,cusolver,cusparse,nvjitlink,nvrtc,nvtx]==12.6.3; platform_system == "Linux"->torch>=2.3.0->-r chess_ai/requirements.txt (line 4))
  Downloading nvidia_cuda_nvrtc_cu12-12.6.85-py3-none-manylinux2010_x86_64.manylinux_2_12_x86_64.whl (23.6 MB)
     ━━━━━━━━━━━━━━━━━━━━━━━━━━━━━━━━━━━━━━━━ 23.6/23.6 MB 115.5 MB/s  0:00:00
Collecting nvidia-nvtx-cu12==12.6.77.* (from cuda-toolkit[cublas,cudart,cufft,cufile,cupti,curand,cusolver,cusparse,nvjitlink,nvrtc,nvtx]==12.6.3; platform_system == "Linux"->torch>=2.3.0->-r chess_ai/requirements.txt (line 4))
  Downloading nvidia_nvtx_cu12-12.6.77-py3-none-manylinux2014_x86_64.manylinux_2_17_x86_64.whl (89 kB)
Collecting cuda-pathfinder~=1.1 (from cuda-bindings<13,>=12.9.4->torch>=2.3.0->-r chess_ai/requirements.txt (line 4))
  Downloading cuda_pathfinder-1.5.5-py3-none-any.whl.metadata (1.9 kB)
Collecting chess<2,>=1 (from python-chess>=1.9.9->-r chess_ai/requirements.txt (line 7))
  Using cached chess-1.11.2-py3-none-any.whl
Collecting contourpy>=1.0.1 (from matplotlib>=3.7.0->-r chess_ai/requirements.txt (line 20))
  Using cached contourpy-1.3.3-cp311-cp311-manylinux_2_27_x86_64.manylinux_2_28_x86_64.whl.metadata (5.5 kB)
Collecting cycler>=0.10 (from matplotlib>=3.7.0->-r chess_ai/requirements.txt (line 20))
  Using cached cycler-0.12.1-py3-none-any.whl.metadata (3.8 kB)
Collecting fonttools>=4.22.0 (from matplotlib>=3.7.0->-r chess_ai/requirements.txt (line 20))
  Using cached fonttools-4.63.0-cp311-cp311-manylinux2014_x86_64.manylinux_2_17_x86_64.whl.metadata (118 kB)
Collecting kiwisolver>=1.3.1 (from matplotlib>=3.7.0->-r chess_ai/requirements.txt (line 20))
  Using cached kiwisolver-1.5.0-cp311-cp311-manylinux2014_x86_64.manylinux_2_17_x86_64.whl.metadata (5.1 kB)
Collecting packaging>=20.0 (from matplotlib>=3.7.0->-r chess_ai/requirements.txt (line 20))
  Using cached packaging-26.2-py3-none-any.whl.metadata (3.5 kB)
Collecting pillow>=9 (from matplotlib>=3.7.0->-r chess_ai/requirements.txt (line 20))
  Using cached pillow-12.2.0-cp311-cp311-manylinux_2_27_x86_64.manylinux_2_28_x86_64.whl.metadata (8.8 kB)
Collecting pyparsing>=3 (from matplotlib>=3.7.0->-r chess_ai/requirements.txt (line 20))
  Using cached pyparsing-3.3.2-py3-none-any.whl.metadata (5.8 kB)
Collecting python-dateutil>=2.7 (from matplotlib>=3.7.0->-r chess_ai/requirements.txt (line 20))
  Using cached python_dateutil-2.9.0.post0-py2.py3-none-any.whl.metadata (8.4 kB)
Collecting beautifulsoup4 (from gdown>=4.7.1->-r chess_ai/requirements.txt (line 23))
  Downloading beautifulsoup4-4.15.0-py3-none-any.whl.metadata (3.8 kB)
Collecting charset_normalizer<4,>=2 (from requests>=2.31.0->-r chess_ai/requirements.txt (line 24))
  Using cached charset_normalizer-3.4.7-cp311-cp311-manylinux2014_x86_64.manylinux_2_17_x86_64.manylinux_2_28_x86_64.whl.metadata (40 kB)
Collecting idna<4,>=2.5 (from requests>=2.31.0->-r chess_ai/requirements.txt (line 24))
  Using cached idna-3.18-py3-none-any.whl.metadata (6.1 kB)
Collecting urllib3<3,>=1.26 (from requests>=2.31.0->-r chess_ai/requirements.txt (line 24))
  Using cached urllib3-2.7.0-py3-none-any.whl.metadata (6.9 kB)
Collecting certifi>=2023.5.7 (from requests>=2.31.0->-r chess_ai/requirements.txt (line 24))
  Using cached certifi-2026.5.20-py3-none-any.whl.metadata (2.5 kB)
Collecting six>=1.5 (from python-dateutil>=2.7->matplotlib>=3.7.0->-r chess_ai/requirements.txt (line 20))
  Using cached six-1.17.0-py2.py3-none-any.whl.metadata (1.7 kB)
Collecting mpmath<1.4,>=1.1.0 (from sympy>=1.13.3->torch>=2.3.0->-r chess_ai/requirements.txt (line 4))
  Using cached mpmath-1.3.0-py3-none-any.whl.metadata (8.6 kB)
Collecting soupsieve>=1.6.1 (from beautifulsoup4->gdown>=4.7.1->-r chess_ai/requirements.txt (line 23))
  Using cached soupsieve-2.8.4-py3-none-any.whl.metadata (4.6 kB)
Collecting MarkupSafe>=2.0 (from jinja2->torch>=2.3.0->-r chess_ai/requirements.txt (line 4))
  Using cached markupsafe-3.0.3-cp311-cp311-manylinux2014_x86_64.manylinux_2_17_x86_64.manylinux_2_28_x86_64.whl.metadata (2.7 kB)
Collecting PySocks!=1.5.7,>=1.5.6 (from requests[socks]->gdown>=4.7.1->-r chess_ai/requirements.txt (line 23))
  Using cached PySocks-1.7.1-py3-none-any.whl.metadata (13 kB)
Downloading torch-2.12.0%2Bcu126-cp311-cp311-manylinux_2_28_x86_64.whl (843.4 MB)
   ━━━━━━━━━━━━━━━━━━━━━━━━━━━━━━━━━━━━━━━━ 843.4/843.4 MB 24.1 MB/s  0:00:15
Downloading triton-3.7.0-cp311-cp311-manylinux_2_27_x86_64.manylinux_2_28_x86_64.whl (201.4 MB)
   ━━━━━━━━━━━━━━━━━━━━━━━━━━━━━━━━━━━━━━━━ 201.4/201.4 MB 56.7 MB/s  0:00:03
Downloading cuda_bindings-12.9.7-cp311-cp311-manylinux_2_24_x86_64.manylinux_2_28_x86_64.whl (7.6 MB)
   ━━━━━━━━━━━━━━━━━━━━━━━━━━━━━━━━━━━━━━━━ 7.6/7.6 MB 54.4 MB/s  0:00:00
Downloading cuda_pathfinder-1.5.5-py3-none-any.whl (51 kB)
Using cached python_chess-1.999-py3-none-any.whl (1.4 kB)
Using cached numpy-2.4.6-cp311-cp311-manylinux_2_27_x86_64.manylinux_2_28_x86_64.whl (16.9 MB)
Downloading tqdm-4.68.2-py3-none-any.whl (78 kB)
Using cached psutil-7.2.2-cp36-abi3-manylinux2010_x86_64.manylinux_2_12_x86_64.manylinux_2_28_x86_64.whl (155 kB)
Using cached pybind11-3.0.4-py3-none-any.whl (314 kB)
Downloading matplotlib-3.11.0-cp311-cp311-manylinux2014_x86_64.manylinux_2_17_x86_64.whl (10.0 MB)
   ━━━━━━━━━━━━━━━━━━━━━━━━━━━━━━━━━━━━━━━━ 10.0/10.0 MB 55.2 MB/s  0:00:00
Using cached gdown-6.1.0-py3-none-any.whl (19 kB)
Using cached requests-2.34.2-py3-none-any.whl (73 kB)
Using cached charset_normalizer-3.4.7-cp311-cp311-manylinux2014_x86_64.manylinux_2_17_x86_64.manylinux_2_28_x86_64.whl (214 kB)
Using cached idna-3.18-py3-none-any.whl (65 kB)
Using cached urllib3-2.7.0-py3-none-any.whl (131 kB)
Downloading zstandard-0.25.0-cp311-cp311-manylinux2014_x86_64.manylinux_2_17_x86_64.whl (5.6 MB)
   ━━━━━━━━━━━━━━━━━━━━━━━━━━━━━━━━━━━━━━━━ 5.6/5.6 MB 53.5 MB/s  0:00:00
Using cached certifi-2026.5.20-py3-none-any.whl (134 kB)
Using cached contourpy-1.3.3-cp311-cp311-manylinux_2_27_x86_64.manylinux_2_28_x86_64.whl (355 kB)
Using cached cycler-0.12.1-py3-none-any.whl (8.3 kB)
Using cached fonttools-4.63.0-cp311-cp311-manylinux2014_x86_64.manylinux_2_17_x86_64.whl (5.1 MB)
Downloading fsspec-2026.6.0-py3-none-any.whl (203 kB)
Using cached kiwisolver-1.5.0-cp311-cp311-manylinux2014_x86_64.manylinux_2_17_x86_64.whl (1.4 MB)
Using cached networkx-3.6.1-py3-none-any.whl (2.1 MB)
Using cached packaging-26.2-py3-none-any.whl (100 kB)
Using cached pillow-12.2.0-cp311-cp311-manylinux_2_27_x86_64.manylinux_2_28_x86_64.whl (7.1 MB)
Using cached pyparsing-3.3.2-py3-none-any.whl (122 kB)
Using cached python_dateutil-2.9.0.post0-py2.py3-none-any.whl (229 kB)
Using cached six-1.17.0-py2.py3-none-any.whl (11 kB)
Using cached sympy-1.14.0-py3-none-any.whl (6.3 MB)
Using cached mpmath-1.3.0-py3-none-any.whl (536 kB)
Using cached typing_extensions-4.15.0-py3-none-any.whl (44 kB)
Downloading beautifulsoup4-4.15.0-py3-none-any.whl (109 kB)
Using cached soupsieve-2.8.4-py3-none-any.whl (37 kB)
Downloading filelock-3.29.4-py3-none-any.whl (42 kB)
Using cached jinja2-3.1.6-py3-none-any.whl (134 kB)
Using cached markupsafe-3.0.3-cp311-cp311-manylinux2014_x86_64.manylinux_2_17_x86_64.manylinux_2_28_x86_64.whl (22 kB)
Using cached PySocks-1.7.1-py3-none-any.whl (16 kB)
Installing collected packages: nvidia-cusparselt-cu12, mpmath, cuda-toolkit, zstandard, urllib3, typing-extensions, triton, tqdm, sympy, soupsieve, six, PySocks, pyparsing, pybind11, psutil, pillow, packaging, nvidia-nvtx-cu12, nvidia-nvshmem-cu12, nvidia-nvjitlink-cu12, nvidia-nccl-cu12, nvidia-curand-cu12, nvidia-cufile-cu12, nvidia-cuda-runtime-cu12, nvidia-cuda-nvrtc-cu12, nvidia-cuda-cupti-cu12, nvidia-cublas-cu12, numpy, networkx, MarkupSafe, kiwisolver, idna, fsspec, fonttools, filelock, cycler, cuda-pathfinder, chess, charset_normalizer, certifi, requests, python-dateutil, python-chess, nvidia-cusparse-cu12, nvidia-cufft-cu12, nvidia-cudnn-cu12, jinja2, cuda-bindings, contourpy, beautifulsoup4, nvidia-cusolver-cu12, matplotlib, gdown, torch

Successfully installed MarkupSafe-3.0.3 PySocks-1.7.1 beautifulsoup4-4.15.0 certifi-2026.5.20 charset_normalizer-3.4.7 chess-1.11.2 contourpy-1.3.3 cuda-bindings-12.9.7 cuda-pathfinder-1.5.5 cuda-toolkit-12.6.3 cycler-0.12.1 filelock-3.29.4 fonttools-4.63.0 fsspec-2026.6.0 gdown-6.1.0 idna-3.18 jinja2-3.1.6 kiwisolver-1.5.0 matplotlib-3.11.0 mpmath-1.3.0 networkx-3.6.1 numpy-2.4.6 nvidia-cublas-cu12-12.6.4.1 nvidia-cuda-cupti-cu12-12.6.80 nvidia-cuda-nvrtc-cu12-12.6.85 nvidia-cuda-runtime-cu12-12.6.77 nvidia-cudnn-cu12-9.10.2.21 nvidia-cufft-cu12-11.3.0.4 nvidia-cufile-cu12-1.11.1.6 nvidia-curand-cu12-10.3.7.77 nvidia-cusolver-cu12-11.7.1.2 nvidia-cusparse-cu12-12.5.4.2 nvidia-cusparselt-cu12-0.7.1 nvidia-nccl-cu12-2.29.3 nvidia-nvjitlink-cu12-12.6.85 nvidia-nvshmem-cu12-3.4.5 nvidia-nvtx-cu12-12.6.77 packaging-26.2 pillow-12.2.0 psutil-7.2.2 pybind11-3.0.4 pyparsing-3.3.2 python-chess-1.999 python-dateutil-2.9.0.post0 requests-2.34.2 six-1.17.0 soupsieve-2.8.4 sympy-1.14.0 torch-2.12.0+cu126 tqdm-4.68.2 triton-3.7.0 typing-extensions-4.15.0 urllib3-2.7.0 zstandard-0.25.0
[sf] downloading Stockfish ...
[verify] checking environment ...
[verify] torch 2.12.0+cu126  cuda_build=12.6  cuda_avail=True
